build/app/intermediates/manifest_merge_blame_file/debug/manifest-merger-blame-debug-report.txt
1<?xml version="1.0" encoding="utf-8"?>
2<manifest xmlns:android="http://schemas.android.com/apk/res/android"
3    package="com.example.mapbox_first"
4    android:versionCode="1"
5    android:versionName="1.0.0" >
6
7    <uses-sdk
8        android:minSdkVersion="21"
9        android:targetSdkVersion="34" />
10    <!--
11         The INTERNET permission is required for development. Specifically,
12         the Flutter tool needs it to communicate with the running application
13         to allow setting breakpoints, to provide hot reload, etc.
14    -->
15    <uses-permission android:name="android.permission.INTERNET" />
15-->src/main/AndroidManifest.xml:4:5-66
15-->src/main/AndroidManifest.xml:4:22-64
16    <uses-permission android:name="android.permission.ACCESS_FINE_LOCATION" />
16-->src/main/AndroidManifest.xml:2:5-79
16-->src/main/AndroidManifest.xml:2:22-76
17    <uses-permission android:name="android.permission.ACCESS_COARSE_LOCATION" />
17-->src/main/AndroidManifest.xml:3:5-81
17-->src/main/AndroidManifest.xml:3:22-78
18    <uses-permission android:name="android.permission.ACCESS_NETWORK_STATE" />
18-->src/main/AndroidManifest.xml:5:5-78
18-->src/main/AndroidManifest.xml:5:22-76
19    <!--
20 Required to query activities that can process text, see:
21         https://developer.android.com/training/package-visibility and
22         https://developer.android.com/reference/android/content/Intent#ACTION_PROCESS_TEXT.
23
24         In particular, this is used by the Flutter engine in io.flutter.plugin.text.ProcessTextPlugin.
25    -->
26    <queries>
26-->src/main/AndroidManifest.xml:43:5-48:15
27        <intent>
27-->src/main/AndroidManifest.xml:44:9-47:18
28            <action android:name="android.intent.action.PROCESS_TEXT" />
28-->src/main/AndroidManifest.xml:45:13-72
28-->src/main/AndroidManifest.xml:45:21-70
29
30            <data android:mimeType="text/plain" />
30-->src/main/AndroidManifest.xml:46:13-50
30-->src/main/AndroidManifest.xml:46:19-48
31        </intent>
32    </queries>
33
34    <uses-permission android:name="android.permission.WAKE_LOCK" /> <!-- Permissions options for the `notification` group -->
34-->[:firebase_messaging] AndroidManifest.xml:8:5-68
34-->[:firebase_messaging] AndroidManifest.xml:8:22-65
35    <uses-permission android:name="android.permission.POST_NOTIFICATIONS" /> <!-- Required by older versions of Google Play services to create IID tokens -->
35-->[:firebase_messaging] AndroidManifest.xml:11:5-77
35-->[:firebase_messaging] AndroidManifest.xml:11:22-74
36    <uses-permission android:name="com.google.android.c2dm.permission.RECEIVE" />
36-->[com.google.firebase:firebase-messaging:24.1.0] AndroidManifest.xml:26:5-82
36-->[com.google.firebase:firebase-messaging:24.1.0] AndroidManifest.xml:26:22-79
37
38    <permission
38-->[androidx.core:core:1.13.1] AndroidManifest.xml:22:5-24:47
39        android:name="com.example.mapbox_first.DYNAMIC_RECEIVER_NOT_EXPORTED_PERMISSION"
39-->[androidx.core:core:1.13.1] AndroidManifest.xml:23:9-81
40        android:protectionLevel="signature" />
40-->[androidx.core:core:1.13.1] AndroidManifest.xml:24:9-44
41
42    <uses-permission android:name="com.example.mapbox_first.DYNAMIC_RECEIVER_NOT_EXPORTED_PERMISSION" />
42-->[androidx.core:core:1.13.1] AndroidManifest.xml:26:5-97
42-->[androidx.core:core:1.13.1] AndroidManifest.xml:26:22-94
43
44    <application
45        android:name="android.app.Application"
46        android:appComponentFactory="androidx.core.app.CoreComponentFactory"
46-->[androidx.core:core:1.13.1] AndroidManifest.xml:28:18-86
47        android:debuggable="true"
48        android:extractNativeLibs="true"
49        android:icon="@mipmap/ic_launcher"
50        android:label="mapbox_first" >
51        <activity
52            android:name="com.example.mapbox_first.MainActivity"
53            android:configChanges="orientation|keyboardHidden|keyboard|screenSize|smallestScreenSize|locale|layoutDirection|fontScale|screenLayout|density|uiMode"
54            android:exported="true"
55            android:hardwareAccelerated="true"
56            android:launchMode="singleTop"
57            android:taskAffinity=""
58            android:theme="@style/LaunchTheme"
59            android:windowSoftInputMode="adjustResize" >
60
61            <!--
62                 Specifies an Android theme to apply to this Activity as soon as
63                 the Android process has started. This theme is visible to the user
64                 while the Flutter UI initializes. After that, this theme continues
65                 to determine the Window background behind the Flutter UI.
66            -->
67            <meta-data
68                android:name="io.flutter.embedding.android.NormalTheme"
69                android:resource="@style/NormalTheme" />
70
71            <intent-filter>
72                <action android:name="android.intent.action.MAIN" />
73
74                <category android:name="android.intent.category.LAUNCHER" />
75            </intent-filter>
76        </activity>
77        <!--
78             Don't delete the meta-data below.
79             This is used by the Flutter tool to generate GeneratedPluginRegistrant.java
80        -->
81        <meta-data
82            android:name="flutterEmbedding"
83            android:value="2" />
84
85        <service
85-->[:cloud_firestore] AndroidManifest.xml:8:9-12:19
86            android:name="com.google.firebase.components.ComponentDiscoveryService"
86-->[:cloud_firestore] AndroidManifest.xml:8:18-89
87            android:directBootAware="true"
87-->[com.google.firebase:firebase-common:21.0.0] AndroidManifest.xml:32:13-43
88            android:exported="false" >
88-->[com.google.firebase:firebase-firestore:25.1.2] AndroidManifest.xml:16:13-37
89            <meta-data
89-->[:cloud_firestore] AndroidManifest.xml:9:13-11:85
90                android:name="com.google.firebase.components:io.flutter.plugins.firebase.firestore.FlutterFirebaseFirestoreRegistrar"
90-->[:cloud_firestore] AndroidManifest.xml:10:17-134
91                android:value="com.google.firebase.components.ComponentRegistrar" />
91-->[:cloud_firestore] AndroidManifest.xml:11:17-82
92            <meta-data
92-->[:firebase_messaging] AndroidManifest.xml:36:13-38:85
93                android:name="com.google.firebase.components:io.flutter.plugins.firebase.messaging.FlutterFirebaseAppRegistrar"
93-->[:firebase_messaging] AndroidManifest.xml:37:17-128
94                android:value="com.google.firebase.components.ComponentRegistrar" />
94-->[:firebase_messaging] AndroidManifest.xml:38:17-82
95            <meta-data
95-->[:firebase_core] AndroidManifest.xml:9:13-11:85
96                android:name="com.google.firebase.components:io.flutter.plugins.firebase.core.FlutterFirebaseCoreRegistrar"
96-->[:firebase_core] AndroidManifest.xml:10:17-124
97                android:value="com.google.firebase.components.ComponentRegistrar" />
97-->[:firebase_core] AndroidManifest.xml:11:17-82
98            <meta-data
98-->[com.google.firebase:firebase-firestore:25.1.2] AndroidManifest.xml:17:13-19:85
99                android:name="com.google.firebase.components:com.google.firebase.firestore.FirebaseFirestoreKtxRegistrar"
99-->[com.google.firebase:firebase-firestore:25.1.2] AndroidManifest.xml:18:17-122
100                android:value="com.google.firebase.components.ComponentRegistrar" />
100-->[com.google.firebase:firebase-firestore:25.1.2] AndroidManifest.xml:19:17-82
101            <meta-data
101-->[com.google.firebase:firebase-firestore:25.1.2] AndroidManifest.xml:20:13-22:85
102                android:name="com.google.firebase.components:com.google.firebase.firestore.FirestoreRegistrar"
102-->[com.google.firebase:firebase-firestore:25.1.2] AndroidManifest.xml:21:17-111
103                android:value="com.google.firebase.components.ComponentRegistrar" />
103-->[com.google.firebase:firebase-firestore:25.1.2] AndroidManifest.xml:22:17-82
104            <meta-data
104-->[com.google.firebase:firebase-messaging:24.1.0] AndroidManifest.xml:57:13-59:85
105                android:name="com.google.firebase.components:com.google.firebase.messaging.FirebaseMessagingKtxRegistrar"
105-->[com.google.firebase:firebase-messaging:24.1.0] AndroidManifest.xml:58:17-122
106                android:value="com.google.firebase.components.ComponentRegistrar" />
106-->[com.google.firebase:firebase-messaging:24.1.0] AndroidManifest.xml:59:17-82
107            <meta-data
107-->[com.google.firebase:firebase-messaging:24.1.0] AndroidManifest.xml:60:13-62:85
108                android:name="com.google.firebase.components:com.google.firebase.messaging.FirebaseMessagingRegistrar"
108-->[com.google.firebase:firebase-messaging:24.1.0] AndroidManifest.xml:61:17-119
109                android:value="com.google.firebase.components.ComponentRegistrar" />
109-->[com.google.firebase:firebase-messaging:24.1.0] AndroidManifest.xml:62:17-82
110            <meta-data
110-->[com.google.firebase:firebase-installations:18.0.0] AndroidManifest.xml:15:13-17:85
111                android:name="com.google.firebase.components:com.google.firebase.installations.FirebaseInstallationsKtxRegistrar"
111-->[com.google.firebase:firebase-installations:18.0.0] AndroidManifest.xml:16:17-130
112                android:value="com.google.firebase.components.ComponentRegistrar" />
112-->[com.google.firebase:firebase-installations:18.0.0] AndroidManifest.xml:17:17-82
113            <meta-data
113-->[com.google.firebase:firebase-installations:18.0.0] AndroidManifest.xml:18:13-20:85
114                android:name="com.google.firebase.components:com.google.firebase.installations.FirebaseInstallationsRegistrar"
114-->[com.google.firebase:firebase-installations:18.0.0] AndroidManifest.xml:19:17-127
115                android:value="com.google.firebase.components.ComponentRegistrar" />
115-->[com.google.firebase:firebase-installations:18.0.0] AndroidManifest.xml:20:17-82
116            <meta-data
116-->[com.google.firebase:firebase-common-ktx:21.0.0] AndroidManifest.xml:12:13-14:85
117                android:name="com.google.firebase.components:com.google.firebase.ktx.FirebaseCommonLegacyRegistrar"
117-->[com.google.firebase:firebase-common-ktx:21.0.0] AndroidManifest.xml:13:17-116
118                android:value="com.google.firebase.components.ComponentRegistrar" />
118-->[com.google.firebase:firebase-common-ktx:21.0.0] AndroidManifest.xml:14:17-82
119            <meta-data
119-->[com.google.firebase:firebase-common:21.0.0] AndroidManifest.xml:35:13-37:85
120                android:name="com.google.firebase.components:com.google.firebase.FirebaseCommonKtxRegistrar"
120-->[com.google.firebase:firebase-common:21.0.0] AndroidManifest.xml:36:17-109
121                android:value="com.google.firebase.components.ComponentRegistrar" />
121-->[com.google.firebase:firebase-common:21.0.0] AndroidManifest.xml:37:17-82
122            <meta-data
122-->[com.google.firebase:firebase-datatransport:18.2.0] AndroidManifest.xml:25:13-27:85
123                android:name="com.google.firebase.components:com.google.firebase.datatransport.TransportRegistrar"
123-->[com.google.firebase:firebase-datatransport:18.2.0] AndroidManifest.xml:26:17-115
124                android:value="com.google.firebase.components.ComponentRegistrar" />
124-->[com.google.firebase:firebase-datatransport:18.2.0] AndroidManifest.xml:27:17-82
125        </service>
126        <service
126-->[:firebase_messaging] AndroidManifest.xml:14:9-17:72
127            android:name="io.flutter.plugins.firebase.messaging.FlutterFirebaseMessagingBackgroundService"
127-->[:firebase_messaging] AndroidManifest.xml:15:13-107
128            android:exported="false"
128-->[:firebase_messaging] AndroidManifest.xml:16:13-37
129            android:permission="android.permission.BIND_JOB_SERVICE" />
129-->[:firebase_messaging] AndroidManifest.xml:17:13-69
130        <service
130-->[:firebase_messaging] AndroidManifest.xml:18:9-24:19
131            android:name="io.flutter.plugins.firebase.messaging.FlutterFirebaseMessagingService"
131-->[:firebase_messaging] AndroidManifest.xml:19:13-97
132            android:exported="false" >
132-->[:firebase_messaging] AndroidManifest.xml:20:13-37
133            <intent-filter>
133-->[:firebase_messaging] AndroidManifest.xml:21:13-23:29
134                <action android:name="com.google.firebase.MESSAGING_EVENT" />
134-->[:firebase_messaging] AndroidManifest.xml:22:17-78
134-->[:firebase_messaging] AndroidManifest.xml:22:25-75
135            </intent-filter>
136        </service>
137
138        <receiver
138-->[:firebase_messaging] AndroidManifest.xml:26:9-33:20
139            android:name="io.flutter.plugins.firebase.messaging.FlutterFirebaseMessagingReceiver"
139-->[:firebase_messaging] AndroidManifest.xml:27:13-98
140            android:exported="true"
140-->[:firebase_messaging] AndroidManifest.xml:28:13-36
141            android:permission="com.google.android.c2dm.permission.SEND" >
141-->[:firebase_messaging] AndroidManifest.xml:29:13-73
142            <intent-filter>
142-->[:firebase_messaging] AndroidManifest.xml:30:13-32:29
143                <action android:name="com.google.android.c2dm.intent.RECEIVE" />
143-->[:firebase_messaging] AndroidManifest.xml:31:17-81
143-->[:firebase_messaging] AndroidManifest.xml:31:25-78
144            </intent-filter>
145        </receiver>
146
147        <provider
147-->[:firebase_messaging] AndroidManifest.xml:41:9-45:38
148            android:name="io.flutter.plugins.firebase.messaging.FlutterFirebaseMessagingInitProvider"
148-->[:firebase_messaging] AndroidManifest.xml:42:13-102
149            android:authorities="com.example.mapbox_first.flutterfirebasemessaginginitprovider"
149-->[:firebase_messaging] AndroidManifest.xml:43:13-88
150            android:exported="false"
150-->[:firebase_messaging] AndroidManifest.xml:44:13-37
151            android:initOrder="99" />
151-->[:firebase_messaging] AndroidManifest.xml:45:13-35
152
153        <service
153-->[:geolocator_android] AndroidManifest.xml:8:9-12:56
154            android:name="com.baseflow.geolocator.GeolocatorLocationService"
154-->[:geolocator_android] AndroidManifest.xml:9:13-77
155            android:enabled="true"
155-->[:geolocator_android] AndroidManifest.xml:10:13-35
156            android:exported="false"
156-->[:geolocator_android] AndroidManifest.xml:11:13-37
157            android:foregroundServiceType="location" />
157-->[:geolocator_android] AndroidManifest.xml:12:13-53
158
159        <uses-library
159-->[androidx.window:window:1.2.0] AndroidManifest.xml:23:9-25:40
160            android:name="androidx.window.extensions"
160-->[androidx.window:window:1.2.0] AndroidManifest.xml:24:13-54
161            android:required="false" />
161-->[androidx.window:window:1.2.0] AndroidManifest.xml:25:13-37
162        <uses-library
162-->[androidx.window:window:1.2.0] AndroidManifest.xml:26:9-28:40
163            android:name="androidx.window.sidecar"
163-->[androidx.window:window:1.2.0] AndroidManifest.xml:27:13-51
164            android:required="false" />
164-->[androidx.window:window:1.2.0] AndroidManifest.xml:28:13-37
165
166        <receiver
166-->[com.google.firebase:firebase-messaging:24.1.0] AndroidManifest.xml:29:9-40:20
167            android:name="com.google.firebase.iid.FirebaseInstanceIdReceiver"
167-->[com.google.firebase:firebase-messaging:24.1.0] AndroidManifest.xml:30:13-78
168            android:exported="true"
168-->[com.google.firebase:firebase-messaging:24.1.0] AndroidManifest.xml:31:13-36
169            android:permission="com.google.android.c2dm.permission.SEND" >
169-->[com.google.firebase:firebase-messaging:24.1.0] AndroidManifest.xml:32:13-73
170            <intent-filter>
170-->[:firebase_messaging] AndroidManifest.xml:30:13-32:29
171                <action android:name="com.google.android.c2dm.intent.RECEIVE" />
171-->[:firebase_messaging] AndroidManifest.xml:31:17-81
171-->[:firebase_messaging] AndroidManifest.xml:31:25-78
172            </intent-filter>
173
174            <meta-data
174-->[com.google.firebase:firebase-messaging:24.1.0] AndroidManifest.xml:37:13-39:40
175                android:name="com.google.android.gms.cloudmessaging.FINISHED_AFTER_HANDLED"
175-->[com.google.firebase:firebase-messaging:24.1.0] AndroidManifest.xml:38:17-92
176                android:value="true" />
176-->[com.google.firebase:firebase-messaging:24.1.0] AndroidManifest.xml:39:17-37
177        </receiver>
178        <!--
179             FirebaseMessagingService performs security checks at runtime,
180             but set to not exported to explicitly avoid allowing another app to call it.
181        -->
182        <service
182-->[com.google.firebase:firebase-messaging:24.1.0] AndroidManifest.xml:46:9-53:19
183            android:name="com.google.firebase.messaging.FirebaseMessagingService"
183-->[com.google.firebase:firebase-messaging:24.1.0] AndroidManifest.xml:47:13-82
184            android:directBootAware="true"
184-->[com.google.firebase:firebase-messaging:24.1.0] AndroidManifest.xml:48:13-43
185            android:exported="false" >
185-->[com.google.firebase:firebase-messaging:24.1.0] AndroidManifest.xml:49:13-37
186            <intent-filter android:priority="-500" >
186-->[:firebase_messaging] AndroidManifest.xml:21:13-23:29
187                <action android:name="com.google.firebase.MESSAGING_EVENT" />
187-->[:firebase_messaging] AndroidManifest.xml:22:17-78
187-->[:firebase_messaging] AndroidManifest.xml:22:25-75
188            </intent-filter>
189        </service>
190
191        <activity
191-->[com.google.android.gms:play-services-base:18.3.0] AndroidManifest.xml:20:9-22:45
192            android:name="com.google.android.gms.common.api.GoogleApiActivity"
192-->[com.google.android.gms:play-services-base:18.3.0] AndroidManifest.xml:20:19-85
193            android:exported="false"
193-->[com.google.android.gms:play-services-base:18.3.0] AndroidManifest.xml:22:19-43
194            android:theme="@android:style/Theme.Translucent.NoTitleBar" />
194-->[com.google.android.gms:play-services-base:18.3.0] AndroidManifest.xml:21:19-78
195
196        <provider
196-->[com.google.firebase:firebase-common:21.0.0] AndroidManifest.xml:23:9-28:39
197            android:name="com.google.firebase.provider.FirebaseInitProvider"
197-->[com.google.firebase:firebase-common:21.0.0] AndroidManifest.xml:24:13-77
198            android:authorities="com.example.mapbox_first.firebaseinitprovider"
198-->[com.google.firebase:firebase-common:21.0.0] AndroidManifest.xml:25:13-72
199            android:directBootAware="true"
199-->[com.google.firebase:firebase-common:21.0.0] AndroidManifest.xml:26:13-43
200            android:exported="false"
200-->[com.google.firebase:firebase-common:21.0.0] AndroidManifest.xml:27:13-37
201            android:initOrder="100" />
201-->[com.google.firebase:firebase-common:21.0.0] AndroidManifest.xml:28:13-36
202
203        <meta-data
203-->[com.google.android.gms:play-services-basement:18.3.0] AndroidManifest.xml:21:9-23:69
204            android:name="com.google.android.gms.version"
204-->[com.google.android.gms:play-services-basement:18.3.0] AndroidManifest.xml:22:13-58
205            android:value="@integer/google_play_services_version" />
205-->[com.google.android.gms:play-services-basement:18.3.0] AndroidManifest.xml:23:13-66
206
207        <provider
207-->[androidx.lifecycle:lifecycle-process:2.7.0] AndroidManifest.xml:24:9-32:20
208            android:name="androidx.startup.InitializationProvider"
208-->[androidx.lifecycle:lifecycle-process:2.7.0] AndroidManifest.xml:25:13-67
209            android:authorities="com.example.mapbox_first.androidx-startup"
209-->[androidx.lifecycle:lifecycle-process:2.7.0] AndroidManifest.xml:26:13-68
210            android:exported="false" >
210-->[androidx.lifecycle:lifecycle-process:2.7.0] AndroidManifest.xml:27:13-37
211            <meta-data
211-->[androidx.lifecycle:lifecycle-process:2.7.0] AndroidManifest.xml:29:13-31:52
212                android:name="androidx.lifecycle.ProcessLifecycleInitializer"
212-->[androidx.lifecycle:lifecycle-process:2.7.0] AndroidManifest.xml:30:17-78
213                android:value="androidx.startup" />
213-->[androidx.lifecycle:lifecycle-process:2.7.0] AndroidManifest.xml:31:17-49
214            <meta-data
214-->[androidx.profileinstaller:profileinstaller:1.3.1] AndroidManifest.xml:29:13-31:52
215                android:name="androidx.profileinstaller.ProfileInstallerInitializer"
215-->[androidx.profileinstaller:profileinstaller:1.3.1] AndroidManifest.xml:30:17-85
216                android:value="androidx.startup" />
216-->[androidx.profileinstaller:profileinstaller:1.3.1] AndroidManifest.xml:31:17-49
217        </provider>
218
219        <receiver
219-->[androidx.profileinstaller:profileinstaller:1.3.1] AndroidManifest.xml:34:9-52:20
220            android:name="androidx.profileinstaller.ProfileInstallReceiver"
220-->[androidx.profileinstaller:profileinstaller:1.3.1] AndroidManifest.xml:35:13-76
221            android:directBootAware="false"
221-->[androidx.profileinstaller:profileinstaller:1.3.1] AndroidManifest.xml:36:13-44
222            android:enabled="true"
222-->[androidx.profileinstaller:profileinstaller:1.3.1] AndroidManifest.xml:37:13-35
223            android:exported="true"
223-->[androidx.profileinstaller:profileinstaller:1.3.1] AndroidManifest.xml:38:13-36
224            android:permission="android.permission.DUMP" >
224-->[androidx.profileinstaller:profileinstaller:1.3.1] AndroidManifest.xml:39:13-57
225            <intent-filter>
225-->[androidx.profileinstaller:profileinstaller:1.3.1] AndroidManifest.xml:40:13-42:29
226                <action android:name="androidx.profileinstaller.action.INSTALL_PROFILE" />
226-->[androidx.profileinstaller:profileinstaller:1.3.1] AndroidManifest.xml:41:17-91
226-->[androidx.profileinstaller:profileinstaller:1.3.1] AndroidManifest.xml:41:25-88
227            </intent-filter>
228            <intent-filter>
228-->[androidx.profileinstaller:profileinstaller:1.3.1] AndroidManifest.xml:43:13-45:29
229                <action android:name="androidx.profileinstaller.action.SKIP_FILE" />
229-->[androidx.profileinstaller:profileinstaller:1.3.1] AndroidManifest.xml:44:17-85
229-->[androidx.profileinstaller:profileinstaller:1.3.1] AndroidManifest.xml:44:25-82
230            </intent-filter>
231            <intent-filter>
231-->[androidx.profileinstaller:profileinstaller:1.3.1] AndroidManifest.xml:46:13-48:29
232                <action android:name="androidx.profileinstaller.action.SAVE_PROFILE" />
232-->[androidx.profileinstaller:profileinstaller:1.3.1] AndroidManifest.xml:47:17-88
232-->[androidx.profileinstaller:profileinstaller:1.3.1] AndroidManifest.xml:47:25-85
233            </intent-filter>
234            <intent-filter>
234-->[androidx.profileinstaller:profileinstaller:1.3.1] AndroidManifest.xml:49:13-51:29
235                <action android:name="androidx.profileinstaller.action.BENCHMARK_OPERATION" />
235-->[androidx.profileinstaller:profileinstaller:1.3.1] AndroidManifest.xml:50:17-95
235-->[androidx.profileinstaller:profileinstaller:1.3.1] AndroidManifest.xml:50:25-92
236            </intent-filter>
237        </receiver>
238
239        <service
239-->[com.google.android.datatransport:transport-backend-cct:3.1.9] AndroidManifest.xml:28:9-34:19
240            android:name="com.google.android.datatransport.runtime.backends.TransportBackendDiscovery"
240-->[com.google.android.datatransport:transport-backend-cct:3.1.9] AndroidManifest.xml:29:13-103
241            android:exported="false" >
241-->[com.google.android.datatransport:transport-backend-cct:3.1.9] AndroidManifest.xml:30:13-37
242            <meta-data
242-->[com.google.android.datatransport:transport-backend-cct:3.1.9] AndroidManifest.xml:31:13-33:39
243                android:name="backend:com.google.android.datatransport.cct.CctBackendFactory"
243-->[com.google.android.datatransport:transport-backend-cct:3.1.9] AndroidManifest.xml:32:17-94
244                android:value="cct" />
244-->[com.google.android.datatransport:transport-backend-cct:3.1.9] AndroidManifest.xml:33:17-36
245        </service>
246        <service
246-->[com.google.android.datatransport:transport-runtime:3.1.9] AndroidManifest.xml:26:9-30:19
247            android:name="com.google.android.datatransport.runtime.scheduling.jobscheduling.JobInfoSchedulerService"
247-->[com.google.android.datatransport:transport-runtime:3.1.9] AndroidManifest.xml:27:13-117
248            android:exported="false"
248-->[com.google.android.datatransport:transport-runtime:3.1.9] AndroidManifest.xml:28:13-37
249            android:permission="android.permission.BIND_JOB_SERVICE" >
249-->[com.google.android.datatransport:transport-runtime:3.1.9] AndroidManifest.xml:29:13-69
250        </service>
251
252        <receiver
252-->[com.google.android.datatransport:transport-runtime:3.1.9] AndroidManifest.xml:32:9-34:40
253            android:name="com.google.android.datatransport.runtime.scheduling.jobscheduling.AlarmManagerSchedulerBroadcastReceiver"
253-->[com.google.android.datatransport:transport-runtime:3.1.9] AndroidManifest.xml:33:13-132
254            android:exported="false" />
254-->[com.google.android.datatransport:transport-runtime:3.1.9] AndroidManifest.xml:34:13-37
255    </application>
256
257</manifest>